{
  "RSpec": {
    "coverage": {
      "/Users/fredrondina/turing/2module/projects/adopt_dont_shop_2001/config/environment.rb": [
        null,
        1,
        null,
        null,
        1
      ],
      "/Users/fredrondina/turing/2module/projects/adopt_dont_shop_2001/config/application.rb": [
        1,
        null,
        1,
        null,
        1,
        1,
        1,
        1,
        1,
        1,
        1,
        1,
        null,
        null,
        null,
        null,
        1,
        null,
        1,
        1,
        null,
        1,
        null,
        null,
        null,
        null,
        null,
        null,
        1,
        null,
        null
      ],
      "/Users/fredrondina/turing/2module/projects/adopt_dont_shop_2001/config/boot.rb": [
        1,
        null,
        1
      ],
      "/Users/fredrondina/turing/2module/projects/adopt_dont_shop_2001/config/environments/test.rb": [
        1,
        null,
        null,
        null,
        null,
        null,
        null,
        1,
        null,
        null,
        null,
        null,
        1,
        null,
        null,
        1,
        1,
        null,
        null,
        null,
        null,
        1,
        1,
        null,
        null,
        1,
        null,
        null,
        1,
        1,
        null,
        null,
        null,
        null,
        1,
        null,
        null,
        1,
        null,
        null,
        null,
        null
      ],
      "/Users/fredrondina/turing/2module/projects/adopt_dont_shop_2001/config/initializers/application_controller_renderer.rb": [
        null,
        null,
        null,
        null,
        null,
        null,
        null,
        null
      ],
      "/Users/fredrondina/turing/2module/projects/adopt_dont_shop_2001/config/initializers/assets.rb": [
        null,
        null,
        null,
        1,
        null,
        null,
        null,
        null,
        1,
        null,
        null,
        null,
        null,
        null
      ],
      "/Users/fredrondina/turing/2module/projects/adopt_dont_shop_2001/config/initializers/backtrace_silencers.rb": [
        null,
        null,
        null,
        null,
        null,
        null,
        null
      ],
      "/Users/fredrondina/turing/2module/projects/adopt_dont_shop_2001/config/initializers/cookies_serializer.rb": [
        null,
        null,
        null,
        null,
        1
      ],
      "/Users/fredrondina/turing/2module/projects/adopt_dont_shop_2001/config/initializers/filter_parameter_logging.rb": [
        null,
        null,
        null,
        1
      ],
      "/Users/fredrondina/turing/2module/projects/adopt_dont_shop_2001/config/initializers/inflections.rb": [
        null,
        null,
        null,
        null,
        null,
        null,
        null,
        null,
        null,
        null,
        null,
        null,
        null,
        null,
        null,
        null
      ],
      "/Users/fredrondina/turing/2module/projects/adopt_dont_shop_2001/config/initializers/mime_types.rb": [
        null,
        null,
        null,
        null
      ],
      "/Users/fredrondina/turing/2module/projects/adopt_dont_shop_2001/config/initializers/wrap_parameters.rb": [
        null,
        null,
        null,
        null,
        null,
        null,
        1,
        2,
        null,
        null,
        null,
        null,
        null,
        null
      ],
      "/Users/fredrondina/turing/2module/projects/adopt_dont_shop_2001/config/routes.rb": [
        1,
        null,
        1,
        1,
        1,
        1,
        1,
        1,
        1,
        null,
        1,
        1,
        null,
        1,
        1,
        1,
        1,
        1,
        1,
        null
      ],
      "/Users/fredrondina/turing/2module/projects/adopt_dont_shop_2001/app/helpers/application_helper.rb": [
        1,
        null
      ],
      "/Users/fredrondina/turing/2module/projects/adopt_dont_shop_2001/spec/features/pets/user_can_manipulate_pets_from_index_page_spec.rb": [
        1,
        null,
        1,
        1,
        null,
        1,
        1,
        null,
        1,
        null,
        1,
        1,
        1,
        null,
        1,
        null,
        1,
        1,
        1,
        1,
        1,
        null,
        1,
        null,
        1,
        null,
        1,
        null,
        1,
        1,
        null,
        1,
        null,
        1,
        1,
        null,
        1,
        null,
        1,
        1,
        1,
        null,
        1,
        null,
        1,
        1,
        1,
        1,
        null,
        null,
        null
      ],
      "/Users/fredrondina/turing/2module/projects/adopt_dont_shop_2001/spec/features/pets/user_can_view_all_pets_spec.rb": [
        1,
        null,
        1,
        1,
        null,
        1,
        1,
        1,
        1,
        null,
        1,
        1,
        null,
        1,
        null,
        1,
        1,
        1,
        1,
        null,
        1,
        1,
        1,
        1,
        null,
        1,
        1,
        1,
        1,
        null,
        1,
        1,
        1,
        1,
        null,
        null,
        1,
        1,
        1,
        1,
        null,
        1,
        null,
        1,
        null,
        1,
        null,
        null,
        1,
        null,
        1,
        1,
        1,
        1,
        null,
        1,
        null,
        1,
        null,
        1,
        null,
        null,
        1,
        null,
        1,
        1,
        1,
        1,
        null,
        1,
        1,
        null,
        1,
        1,
        null,
        1,
        1,
        null,
        1,
        1,
        null,
        1,
        1,
        null,
        null,
        null
      ],
      "/Users/fredrondina/turing/2module/projects/adopt_dont_shop_2001/spec/features/pets/user_can_view_pet_show_page_spec.rb": [
        1,
        null,
        1,
        1,
        null,
        1,
        null,
        1,
        1,
        null,
        1,
        null,
        1,
        1,
        1,
        1,
        1,
        null,
        1,
        null,
        1,
        1,
        1,
        1,
        1,
        null,
        null,
        null,
        1,
        1,
        null,
        1,
        1,
        null,
        null,
        1,
        null,
        1,
        1,
        null,
        1,
        null,
        1,
        1,
        1,
        1,
        1,
        null,
        null,
        null,
        1,
        null,
        1,
        null,
        1,
        1,
        null,
        1,
        null,
        1,
        1,
        null,
        1,
        null,
        1,
        1,
        1,
        1,
        1,
        null,
        1,
        null,
        1,
        null,
        1,
        null,
        1,
        1,
        null,
        null,
        null
      ],
      "/Users/fredrondina/turing/2module/projects/adopt_dont_shop_2001/spec/features/shelters/user_can_create_new_shelters_spec.rb": [
        1,
        null,
        1,
        1,
        1,
        null,
        1,
        null,
        1,
        1,
        1,
        1,
        1,
        null,
        1,
        null,
        1,
        1,
        null,
        null
      ],
      "/Users/fredrondina/turing/2module/projects/adopt_dont_shop_2001/spec/features/shelters/user_can_see_shelters_attributes_on_show_page_spec.rb": [
        1,
        null,
        1,
        1,
        1,
        null,
        1,
        null,
        1,
        1,
        1,
        1,
        1,
        null,
        null,
        null,
        1,
        1,
        null,
        1,
        null,
        1,
        null,
        1,
        1,
        null,
        null,
        1,
        1,
        null,
        1,
        null,
        1,
        null,
        1,
        null,
        1,
        1,
        1,
        1,
        1,
        null,
        1,
        null,
        1,
        1,
        1,
        1,
        1,
        1,
        1,
        null,
        null,
        1,
        1,
        1,
        1,
        null,
        1,
        null,
        1,
        null,
        1,
        null,
        null
      ],
      "/Users/fredrondina/turing/2module/projects/adopt_dont_shop_2001/spec/features/shelters/user_can_update_shelter_from_index_spec.rb": [
        1,
        null,
        1,
        1,
        null,
        1,
        null,
        1,
        null,
        1,
        null,
        1,
        1,
        1,
        1,
        1,
        null,
        1,
        null,
        1,
        1,
        1,
        1,
        1,
        1,
        1,
        null,
        null,
        1,
        1,
        null,
        1,
        1,
        null,
        1,
        null,
        1,
        1,
        null,
        null
      ],
      "/Users/fredrondina/turing/2module/projects/adopt_dont_shop_2001/spec/features/shelters/user_can_view_a_shelters_pets_spec.rb": [
        1,
        null,
        1,
        1,
        null,
        1,
        1,
        1,
        1,
        null,
        1,
        1,
        null,
        1,
        null,
        1,
        1,
        null,
        1,
        1,
        null,
        1,
        1,
        null,
        1,
        null,
        1,
        1,
        null,
        1,
        1,
        null,
        1,
        1,
        null,
        null,
        1,
        1,
        1,
        1,
        null,
        1,
        null,
        1,
        null,
        1,
        null,
        null,
        1,
        1,
        1,
        1,
        null,
        1,
        null,
        1,
        1,
        null,
        1,
        1,
        null,
        1,
        1,
        null,
        1,
        null,
        null
      ],
      "/Users/fredrondina/turing/2module/projects/adopt_dont_shop_2001/spec/features/shelters/user_can_view_all_shelters_spec.rb": [
        1,
        null,
        1,
        1,
        null,
        1,
        1,
        1,
        null,
        1,
        null,
        1,
        1,
        1,
        null,
        null,
        null,
        1,
        1,
        1,
        1,
        null,
        1,
        null,
        1,
        null,
        1,
        null,
        null,
        1,
        null,
        1,
        1,
        1,
        null,
        1,
        1,
        null,
        1,
        1,
        null,
        1,
        1,
        null,
        1,
        1,
        null,
        1,
        1,
        null,
        null,
        null
      ],
      "/Users/fredrondina/turing/2module/projects/adopt_dont_shop_2001/spec/models/pet_spec.rb": [
        1,
        null,
        1,
        1,
        2,
        2,
        2,
        null,
        null,
        null,
        1,
        2,
        null,
        null,
        null
      ],
      "/Users/fredrondina/turing/2module/projects/adopt_dont_shop_2001/app/models/pet.rb": [
        1,
        null,
        1,
        1,
        null,
        null
      ],
      "/Users/fredrondina/turing/2module/projects/adopt_dont_shop_2001/app/models/application_record.rb": [
        1,
        1,
        null
      ],
      "/Users/fredrondina/turing/2module/projects/adopt_dont_shop_2001/spec/models/shelter_spec.rb": [
        1,
        null,
        1,
        1,
        2,
        null,
        null,
        null,
        null,
        null,
        null,
        1,
        2,
        null,
        null,
        null
      ],
      "/Users/fredrondina/turing/2module/projects/adopt_dont_shop_2001/app/models/shelter.rb": [
        1,
        1,
        null,
        1,
        null
      ],
      "/Users/fredrondina/turing/2module/projects/adopt_dont_shop_2001/app/controllers/pets_controller.rb": [
        1,
        null,
        1,
        9,
        null,
        null,
        1,
        7,
        null,
        null,
        1,
        9,
        null,
        null,
        1,
        1,
        null,
        null,
        1,
        1,
        1,
        1,
        null,
        null,
        1,
        2,
        2,
        2,
        null,
        null,
        1,
        2,
        null,
        null,
        1,
        2,
        2,
        null,
        null,
        1,
        1,
        3,
        null,
        null
      ],
      "/Users/fredrondina/turing/2module/projects/adopt_dont_shop_2001/app/controllers/application_controller.rb": [
        1,
        1,
        null
      ],
      "/Users/fredrondina/turing/2module/projects/adopt_dont_shop_2001/app/controllers/shelters_controller.rb": [
        1,
        null,
        1,
        10,
        null,
        null,
        1,
        13,
        null,
        null,
        1,
        null,
        null,
        null,
        1,
        2,
        null,
        null,
        1,
        2,
        2,
        2,
        null,
        null,
        1,
        1,
        1,
        null,
        null,
        1,
        2,
        2,
        null,
        null,
        1,
        1,
        3,
        null,
        null
      ]
    },
    "timestamp": 1584921093
  }
}
